Vercel CLI 48.12.1
Retrieving project…
Deploying goran-billingskogs-projects/battrehy
Uploading [--------------------] (0.0B/88B)
Uploading [====================] (88.0B/88B)
Inspect: https://vercel.com/goran-billingskogs-projects/battrehy/2RKeAbW8gkvPqaUWHRoAU4LUa5dx [4s]
Preview: https://battrehy-9hkbq9vfm-goran-billingskogs-projects.vercel.app [4s]
https://battrehy-9hkbq9vfm-goran-billingskogs-projects.vercel.appBuilding...
Building...
Building: Running build in Washington, D.C., USA (East) – iad1
Building: Build machine configuration: 2 cores, 8 GB
Building: Retrieving list of deployment files...
Building: Downloading 139 deployment files...
Building: Restored build cache from previous deployment (8ipoWJBjjcHm6GrXfjPp4vyv3uTD)
Building: Running "vercel build"
Building: Vercel CLI 51.6.1
Building: Running "install" command: `npm install`...
Building: up to date, audited 486 packages in 3s
Building: 172 packages are looking for funding
Building: run `npm fund` for details
Building: 7 vulnerabilities (2 moderate, 5 high)
Building: To address issues that do not require attention, run:
Building: npm audit fix
Building: To address all issues, run:
Building: npm audit fix --force
Building: Run `npm audit` for details.
Building: Detected Next.js version: 16.1.6
Building: Running "npm run build"
Building: > battrehy@0.1.0 build
Building: > next build
Building: ⚠ `eslint` configuration in next.config.ts is no longer supported. See more info here: https://nextjs.org/docs/app/api-reference/cli/next#next-lint-options
Building: ⚠ Invalid next.config.ts options detected:
Building: ⚠     Unrecognized key(s) in object: 'eslint'
Building: ⚠ See more info here: https://nextjs.org/docs/messages/invalid-next-config
Building: ▲ Next.js 16.1.6 (Turbopack)
Building: ⚠ The "middleware" file convention is deprecated. Please use "proxy" instead. Learn more: https://nextjs.org/docs/messages/middleware-to-proxy
Building: Creating an optimized production build ...
Building: ✓ Compiled successfully in 12.4s
Building: Running TypeScript ...
Error: Command "npm run build" exited with 1
